Checking syntax for all .mjs files...
Checking src/cli.mjs...
Checking scripts/build-renderer.mjs...
Checking scripts/build-site.mjs...
Checking scripts/changeset-version.mjs...
Checking scripts/check-changesets.mjs...
Checking scripts/check-release-needed.mjs...
Checking scripts/check-version.mjs...
Checking scripts/check-web-archive.mjs...
Checking scripts/create-github-release.mjs...
Checking scripts/create-manual-changeset.mjs...
Checking scripts/detect-code-changes.mjs...
Checking scripts/dispatch-and-watch-workflow.mjs...
Checking scripts/format-github-release.mjs...
Checking scripts/format-release-notes-helpers.mjs...
Checking scripts/format-release-notes.mjs...
Checking scripts/instant-version-bump.mjs...
Checking scripts/js-paths.mjs...
Checking scripts/merge-changesets.mjs...
Checking scripts/package-info.mjs...
Checking scripts/publish-to-npm.mjs...
Checking scripts/setup-npm.mjs...
Checking scripts/test-pages-e2e.mjs...
Checking scripts/validate-changeset.mjs...
Checking scripts/validate-release-assets.mjs...
Checking scripts/version-and-commit.mjs...

Syntax check passed for 25 file(s).
