npm error code EUSAGE
npm error
npm error `npm ci` can only install packages when your package.json and package-lock.json or npm-shrinkwrap.json are in sync. Please update your lock file with `npm install` before continuing.
npm error
npm error Missing: electron-builder-squirrel-windows@25.1.8 from lock file
npm error Missing: archiver@5.3.2 from lock file
npm error Missing: fs-extra@10.1.0 from lock file
npm error Missing: archiver-utils@2.1.0 from lock file
npm error Missing: readdir-glob@1.1.3 from lock file
npm error Missing: tar-stream@2.2.0 from lock file
npm error Missing: zip-stream@4.1.1 from lock file
npm error Missing: lazystream@1.0.1 from lock file
npm error Missing: lodash.defaults@4.2.0 from lock file
npm error Missing: lodash.difference@4.5.0 from lock file
npm error Missing: lodash.flatten@4.4.0 from lock file
npm error Missing: lodash.isplainobject@4.0.6 from lock file
npm error Missing: lodash.union@4.6.0 from lock file
npm error Missing: normalize-path@3.0.0 from lock file
npm error Missing: readable-stream@2.3.8 from lock file
npm error Missing: readable-stream@2.3.8 from lock file
npm error Missing: minimatch@5.1.9 from lock file
npm error Missing: fs-constants@1.0.0 from lock file
npm error Missing: archiver-utils@3.0.4 from lock file
npm error Missing: compress-commons@4.1.2 from lock file
npm error Missing: crc32-stream@4.0.3 from lock file
npm error Missing: crc-32@1.2.2 from lock file
npm error Missing: isarray@1.0.0 from lock file
npm error Missing: process-nextick-args@2.0.1 from lock file
npm error Missing: safe-buffer@5.1.2 from lock file
npm error Missing: string_decoder@1.1.1 from lock file
npm error Missing: jsonfile@6.2.1 from lock file
npm error Missing: universalify@2.0.1 from lock file
npm error Missing: safe-buffer@5.1.2 from lock file
npm error Missing: string_decoder@1.1.1 from lock file
npm error Missing: brace-expansion@2.1.0 from lock file
npm error Missing: balanced-match@1.0.2 from lock file
npm error
npm error Clean install a project
npm error
npm error Usage:
npm error npm ci
npm error
npm error Options:
npm error [--install-strategy <hoisted|nested|shallow|linked>] [--legacy-bundling]
npm error [--global-style] [--omit <dev|optional|peer> [--omit <dev|optional|peer> ...]]
npm error [--include <prod|dev|optional|peer> [--include <prod|dev|optional|peer> ...]]
npm error [--strict-peer-deps] [--foreground-scripts] [--ignore-scripts]
npm error [--allow-git <all|none|root>] [--no-audit] [--no-bin-links] [--no-fund]
npm error [--dry-run]
npm error [-w|--workspace <workspace-name> [-w|--workspace <workspace-name> ...]]
npm error [--workspaces] [--include-workspace-root] [--install-links]
npm error
npm error   --install-strategy
npm error     Sets the strategy for installing packages in node_modules.
npm error
npm error   --legacy-bundling
npm error     Instead of hoisting package installs in `node_modules`, install packages
npm error
npm error   --global-style
npm error     Only install direct dependencies in the top level `node_modules`,
npm error
npm error   --omit
npm error     Dependency types to omit from the installation tree on disk.
npm error
npm error   --include
npm error     Option that allows for defining which types of dependencies to install.
npm error
npm error   --strict-peer-deps
npm error     If set to `true`, and `--legacy-peer-deps` is not set, then _any_
npm error
npm error   --foreground-scripts
npm error     Run all build scripts (ie, `preinstall`, `install`, and
npm error
npm error   --ignore-scripts
npm error     If true, npm does not run scripts specified in package.json files.
npm error
npm error   --allow-git
npm error     Limits the ability for npm to fetch dependencies from git references.
npm error
npm error   --audit
npm error     When "true" submit audit reports alongside the current npm command to the
npm error
npm error   --bin-links
npm error     Tells npm to create symlinks (or `.cmd` shims on Windows) for package
npm error
npm error   --fund
npm error     When "true" displays the message at the end of each `npm install`
npm error
npm error   --dry-run
npm error     Indicates that you don't want npm to make any changes and that it should
npm error
npm error   -w|--workspace
npm error     Enable running a command in the context of the configured workspaces of the
npm error
npm error   --workspaces
npm error     Set to true to run the command in the context of **all** configured
npm error
npm error   --include-workspace-root
npm error     Include the workspace root when workspaces are enabled for a command.
npm error
npm error   --install-links
npm error     When set file: protocol dependencies will be packed and installed as
npm error
npm error
npm error aliases: clean-install, ic, install-clean, isntall-clean
npm error
npm error Run "npm help ci" for more info
npm error A complete log of this run can be found in: /home/box/.npm/_logs/2026-05-12T15_45_19_002Z-debug-0.log
